<?xml version="1.0" encoding="UTF-8"?>
<testsuite xmlns:xsi="http://www.w3.org/2001/XMLSchema-instance" xsi:noNamespaceSchemaLocation="https://maven.apache.org/surefire/maven-surefire-plugin/xsd/surefire-test-report.xsd" name="com.example.demo.controllers.CartControllerTest" time="4.436" tests="2" errors="0" skipped="0" failures="0">
  <properties>
[...]
</properties>
  <testcase name="create_cart_happy_path" classname="com.example.demo.controllers.CartControllerTest" time="1.492"/>
  <testcase name="remove_cart_happy_path" classname="com.example.demo.controllers.CartControllerTest" time="0"/>
</testsuite>